2024-07-12 14:40:17,218 - INFO - Streamlit app started.
2024-07-12 14:40:17,872 - INFO - Streamlit app started.
2024-07-12 14:40:26,105 - INFO - Streamlit app started.
2024-07-12 14:40:39,318 - INFO - Streamlit app started.
2024-07-12 14:40:40,288 - INFO - Streamlit app started.
2024-07-12 14:40:42,383 - INFO - Streamlit app started.
2024-07-12 14:40:42,813 - INFO - Streamlit app started.
2024-07-12 14:40:43,361 - INFO - Streamlit app started.
2024-07-12 14:42:32,927 - INFO - Streamlit app started.
2024-07-12 14:42:32,930 - INFO - Streamlit app started.
2024-07-12 14:42:32,931 - INFO - Streamlit app started.
2024-07-12 14:42:33,006 - INFO - Streamlit app started.
2024-07-12 14:42:33,143 - INFO - Streamlit app started.
2024-07-12 14:42:33,145 - INFO - Streamlit app started.
2024-07-12 14:42:33,147 - INFO - Streamlit app started.
2024-07-12 14:42:34,805 - INFO - Streamlit app started.
2024-07-12 14:42:35,418 - INFO - User srv332003 accessed the app 1 times.
2024-07-12 14:42:35,423 - INFO - User srv332003 accessed the app 1 times.
2024-07-12 14:42:35,436 - INFO - User hey accessed the app 1 times.
2024-07-12 14:42:50,052 - INFO - Streamlit app started.
2024-07-12 14:42:50,438 - INFO - User srv332003 accessed the app 2 times.
2024-07-12 15:56:53,570 - INFO - User entered username: morpheus-30 and count is 1
2024-07-12 16:26:59,856 - INFO - User entered username: morpheus-30 and count is 1
2024-07-12 16:28:43,459 - INFO - User entered username: srv and count is 1
2024-07-12 16:30:32,980 - INFO - User entered username: morpheus-30 and count is 1
2024-07-12 16:31:31,674 - INFO - User entered username: morpheus-30 and count is 1
2024-07-12 16:38:50,494 - INFO - User entered username: morpheus-30 and count is 1
2024-07-12 16:39:19,904 - INFO - User entered username: ravishsingla03 and count is 1
